[debug] [2021-09-18T07:14:10.787Z] ----------------------------------------------------------------------
[debug] [2021-09-18T07:14:10.788Z] Command:       /Users/tokitaryousuke/.anyenv/envs/nodenv/versions/14.16.0/bin/node /Users/tokitaryousuke/Repo/web-book-cra/node_modules/.bin/firebase emulators:start
[debug] [2021-09-18T07:14:10.788Z] CLI Version:   9.18.0
[debug] [2021-09-18T07:14:10.789Z] Platform:      darwin
[debug] [2021-09-18T07:14:10.789Z] Node Version:  v14.16.0
[debug] [2021-09-18T07:14:10.790Z] Time:          Sat Sep 18 2021 16:14:10 GMT+0900 (日本標準時)
[debug] [2021-09-18T07:14:10.790Z] ----------------------------------------------------------------------
[debug] 
[debug] [2021-09-18T07:14:10.838Z] > command requires scopes: ["email","openid","https://www.googleapis.com/auth/cloudplatformprojects.readonly","https://www.googleapis.com/auth/firebase","https://www.googleapis.com/auth/cloud-platform"]
[debug] [2021-09-18T07:14:10.839Z] > authorizing via signed-in user (natto.and.eggs@gmail.com)
[info] i  emulators: Starting emulators: auth, functions, firestore, hosting, pubsub, storage {"metadata":{"emulator":{"name":"hub"},"message":"Starting emulators: auth, functions, firestore, hosting, pubsub, storage"}}
[debug] [2021-09-18T07:14:10.856Z] [hub] writing locator at /var/folders/wx/fj9cr_f179vfpgq8rp09x1br0000gn/T/hub-web-book-cra.json
[warn] ⚠  functions: The following emulators are not running, calls to these services from the Functions emulator will affect production: database {"metadata":{"emulator":{"name":"functions"},"message":"The following emulators are not running, calls to these services from the Functions emulator will affect production: \u001b[1mdatabase\u001b[22m"}}
[info] ✔  functions: Using node@14 from host. {"metadata":{"emulator":{"name":"functions"},"message":"Using node@14 from host."}}
[debug] [2021-09-18T07:14:10.898Z] defaultcredentials: writing to file /Users/tokitaryousuke/.config/firebase/natto_and.eggs_gmail.com_application_default_credentials.json
[debug] [2021-09-18T07:14:10.900Z] Setting GAC to /Users/tokitaryousuke/.config/firebase/natto_and.eggs_gmail.com_application_default_credentials.json {"metadata":{"emulator":{"name":"functions"},"message":"Setting GAC to /Users/tokitaryousuke/.config/firebase/natto_and.eggs_gmail.com_application_default_credentials.json"}}
[debug] [2021-09-18T07:14:10.904Z] > refreshing access token with scopes: []
[debug] [2021-09-18T07:14:10.904Z] >>> HTTP REQUEST POST https://www.googleapis.com/oauth2/v3/token  
 <request body omitted>
[debug] [2021-09-18T07:14:11.023Z] <<< HTTP RESPONSE 200 {"expires":"Mon, 01 Jan 1990 00:00:00 GMT","pragma":"no-cache","date":"Sat, 18 Sep 2021 07:14:11 GMT","cache-control":"no-cache, no-store, max-age=0, must-revalidate","content-type":"application/json; charset=utf-8","vary":"X-Origin, Referer, Origin,Accept-Encoding","server":"scaffolding on HTTPServer2","x-xss-protection":"0","x-frame-options":"SAMEORIGIN","x-content-type-options":"nosniff","alt-svc":"h3=\":443\"; ma=2592000,h3-29=\":443\"; ma=2592000,h3-T051=\":443\"; ma=2592000,h3-Q050=\":443\"; ma=2592000,h3-Q046=\":443\"; ma=2592000,h3-Q043=\":443\"; ma=2592000,quic=\":443\"; ma=2592000; v=\"46,43\"","accept-ranges":"none","transfer-encoding":"chunked"}
[debug] [2021-09-18T07:14:11.071Z] >>> [apiv2][query] GET https://firebase.googleapis.com/v1beta1/projects/web-book-cra/adminSdkConfig [none]
[debug] [2021-09-18T07:14:11.676Z] <<< [apiv2][status] GET https://firebase.googleapis.com/v1beta1/projects/web-book-cra/adminSdkConfig 200
[debug] [2021-09-18T07:14:11.676Z] <<< [apiv2][body] GET https://firebase.googleapis.com/v1beta1/projects/web-book-cra/adminSdkConfig {"projectId":"web-book-cra","storageBucket":"web-book-cra.appspot.com","locationId":"asia-northeast1"}
[debug] [2021-09-18T07:14:11.975Z] Ignoring unsupported arg: projectId {"metadata":{"emulator":{"name":"firestore"},"message":"Ignoring unsupported arg: projectId"}}
[debug] [2021-09-18T07:14:11.976Z] Ignoring unsupported arg: auto_download {"metadata":{"emulator":{"name":"firestore"},"message":"Ignoring unsupported arg: auto_download"}}
[debug] [2021-09-18T07:14:11.976Z] Starting Firestore Emulator with command {"binary":"java","args":["-Dgoogle.cloud_firestore.debug_log_level=FINE","-Duser.language=en","-jar","/Users/tokitaryousuke/.cache/firebase/emulators/cloud-firestore-emulator-v1.13.1.jar","--host","localhost","--port",8080,"--rules","/Users/tokitaryousuke/Repo/web-book-cra/firestore.rules","--functions_emulator","localhost:5001"],"optionalArgs":["port","webchannel_port","host","rules","functions_emulator","seed_from_export"],"joinArgs":false} {"metadata":{"emulator":{"name":"firestore"},"message":"Starting Firestore Emulator with command {\"binary\":\"java\",\"args\":[\"-Dgoogle.cloud_firestore.debug_log_level=FINE\",\"-Duser.language=en\",\"-jar\",\"/Users/tokitaryousuke/.cache/firebase/emulators/cloud-firestore-emulator-v1.13.1.jar\",\"--host\",\"localhost\",\"--port\",8080,\"--rules\",\"/Users/tokitaryousuke/Repo/web-book-cra/firestore.rules\",\"--functions_emulator\",\"localhost:5001\"],\"optionalArgs\":[\"port\",\"webchannel_port\",\"host\",\"rules\",\"functions_emulator\",\"seed_from_export\"],\"joinArgs\":false}"}}
[info] i  firestore: Firestore Emulator logging to firestore-debug.log {"metadata":{"emulator":{"name":"firestore"},"message":"Firestore Emulator logging to \u001b[1mfirestore-debug.log\u001b[22m"}}
[debug] [2021-09-18T07:14:20.418Z] Sep 18, 2021 4:14:20 PM com.google.cloud.datastore.emulator.firestore.websocket.WebSocketServer start
INFO: Started WebSocket server on ws://localhost:60792
 {"metadata":{"emulator":{"name":"firestore"},"message":"Sep 18, 2021 4:14:20 PM com.google.cloud.datastore.emulator.firestore.websocket.WebSocketServer start\nINFO: Started WebSocket server on ws://localhost:60792\n"}}
[debug] [2021-09-18T07:14:20.508Z] API endpoint: http:// {"metadata":{"emulator":{"name":"firestore"},"message":"API endpoint: http://"}}
[debug] [2021-09-18T07:14:20.508Z] localhost:8080
If you are using a library that supports the FIRESTORE_EMULATOR_HOST environment variable, run:

   export FIRESTORE_EMULATOR_HOST=localhost:8080

Dev App Server is now running.

 {"metadata":{"emulator":{"name":"firestore"},"message":"localhost:8080\nIf you are using a library that supports the FIRESTORE_EMULATOR_HOST environment variable, run:\n\n   export FIRESTORE_EMULATOR_HOST=localhost:8080\n\nDev App Server is now running.\n\n"}}
[debug] [2021-09-18T07:14:22.967Z] Ignoring unsupported arg: projectId {"metadata":{"emulator":{"name":"pubsub"},"message":"Ignoring unsupported arg: projectId"}}
[debug] [2021-09-18T07:14:22.967Z] Ignoring unsupported arg: auto_download {"metadata":{"emulator":{"name":"pubsub"},"message":"Ignoring unsupported arg: auto_download"}}
[debug] [2021-09-18T07:14:22.968Z] Starting Pub/Sub Emulator with command {"binary":"/Users/tokitaryousuke/.cache/firebase/emulators/pubsub-emulator-0.1.0/pubsub-emulator/bin/cloud-pubsub-emulator","args":["--host=localhost","--port=8085"],"optionalArgs":["port","host"],"joinArgs":true} {"metadata":{"emulator":{"name":"pubsub"},"message":"Starting Pub/Sub Emulator with command {\"binary\":\"/Users/tokitaryousuke/.cache/firebase/emulators/pubsub-emulator-0.1.0/pubsub-emulator/bin/cloud-pubsub-emulator\",\"args\":[\"--host=localhost\",\"--port=8085\"],\"optionalArgs\":[\"port\",\"host\"],\"joinArgs\":true}"}}
[info] i  pubsub: Pub/Sub Emulator logging to pubsub-debug.log {"metadata":{"emulator":{"name":"pubsub"},"message":"Pub/Sub Emulator logging to \u001b[1mpubsub-debug.log\u001b[22m"}}
[debug] [2021-09-18T07:14:23.338Z] This is the Google Pub/Sub fake.
Implementation may be incomplete or differ from the real system.
 {"metadata":{"emulator":{"name":"pubsub"},"message":"This is the Google Pub/Sub fake.\nImplementation may be incomplete or differ from the real system.\n"}}
[debug] [2021-09-18T07:14:23.392Z] 9 18, 2021 4:14:23 午後 com.google.cloud.pubsub.testing.v1.Main main
情報: IAM integration is disabled. IAM policy methods and ACL checks are not supported
 {"metadata":{"emulator":{"name":"pubsub"},"message":"9 18, 2021 4:14:23 午後 com.google.cloud.pubsub.testing.v1.Main main\n情報: IAM integration is disabled. IAM policy methods and ACL checks are not supported\n"}}
[debug] [2021-09-18T07:14:23.993Z] 9 18, 2021 4:14:23 午後 io.gapi.emulators.netty.NettyUtil applyJava7LongHostnameWorkaround
情報: Unable to apply Java 7 long hostname workaround.
 {"metadata":{"emulator":{"name":"pubsub"},"message":"9 18, 2021 4:14:23 午後 io.gapi.emulators.netty.NettyUtil applyJava7LongHostnameWorkaround\n情報: Unable to apply Java 7 long hostname workaround.\n"}}
[debug] [2021-09-18T07:14:29.081Z] 9 18, 2021 4:14:29 午後 com.google.cloud.pubsub.testing.v1.Main main
情報: Server started, listening on 8085
 {"metadata":{"emulator":{"name":"pubsub"},"message":"9 18, 2021 4:14:29 午後 com.google.cloud.pubsub.testing.v1.Main main\n情報: Server started, listening on 8085\n"}}
[debug] [2021-09-18T07:14:29.136Z] Ignoring unsupported arg: port {"metadata":{"emulator":{"name":"storage"},"message":"Ignoring unsupported arg: port"}}
[debug] [2021-09-18T07:14:29.255Z] 9 18, 2021 4:14:29 午後 io.gapi.emulators.grpc.GrpcServer$3 operationComplete
情報: Adding handler(s) to newly registered Channel.
 {"metadata":{"emulator":{"name":"pubsub"},"message":"9 18, 2021 4:14:29 午後 io.gapi.emulators.grpc.GrpcServer$3 operationComplete\n情報: Adding handler(s) to newly registered Channel.\n"}}
[debug] [2021-09-18T07:14:29.552Z] Temp file directory for storage emulator: /var/folders/wx/fj9cr_f179vfpgq8rp09x1br0000gn/T/firebase/storage/blobs {"metadata":{"emulator":{"name":"storage"},"message":"Temp file directory for storage emulator: /var/folders/wx/fj9cr_f179vfpgq8rp09x1br0000gn/T/firebase/storage/blobs"}}
[debug] [2021-09-18T07:14:30.730Z] >>> [apiv2][query] GET https://firebasehosting.googleapis.com/v1beta1/projects/web-book-cra/sites 
[debug] [2021-09-18T07:14:31.713Z] <<< [apiv2][status] GET https://firebasehosting.googleapis.com/v1beta1/projects/web-book-cra/sites 200
[debug] [2021-09-18T07:14:31.713Z] <<< [apiv2][body] GET https://firebasehosting.googleapis.com/v1beta1/projects/web-book-cra/sites {"sites":[{"name":"projects/758062793732/sites/web-book-cra","defaultUrl":"https://web-book-cra.web.app","appId":"1:758062793732:web:7e8866e39b8a2722292151","type":"DEFAULT_SITE"}]}
[debug] [2021-09-18T07:14:31.714Z] >>> [apiv2][query] GET https://firebase.googleapis.com/v1beta1/projects/web-book-cra/webApps/1:758062793732:web:7e8866e39b8a2722292151/config [none]
[debug] [2021-09-18T07:14:33.195Z] <<< [apiv2][status] GET https://firebase.googleapis.com/v1beta1/projects/web-book-cra/webApps/1:758062793732:web:7e8866e39b8a2722292151/config 200
[debug] [2021-09-18T07:14:33.195Z] <<< [apiv2][body] GET https://firebase.googleapis.com/v1beta1/projects/web-book-cra/webApps/1:758062793732:web:7e8866e39b8a2722292151/config {"projectId":"web-book-cra","appId":"1:758062793732:web:7e8866e39b8a2722292151","storageBucket":"web-book-cra.appspot.com","locationId":"asia-northeast1","apiKey":"AIzaSyB_Q7fr5MxF2xkVjzIVzzOevflKcEKXRwE","authDomain":"web-book-cra.firebaseapp.com","messagingSenderId":"758062793732","measurementId":"G-RW6T4RTY2P"}
[info] i  hosting: Serving hosting files from: dist {"metadata":{"emulator":{"name":"hosting"},"message":"Serving hosting files from: \u001b[1mdist\u001b[22m"}}
[info] ✔  hosting: Local server: http://localhost:5000 {"metadata":{"emulator":{"name":"hosting"},"message":"Local server: \u001b[4m\u001b[1mhttp://localhost:5000\u001b[22m\u001b[24m"}}
[debug] [2021-09-18T07:14:33.499Z] Ignoring unsupported arg: auto_download {"metadata":{"emulator":{"name":"ui"},"message":"Ignoring unsupported arg: auto_download"}}
[debug] [2021-09-18T07:14:33.499Z] Ignoring unsupported arg: port {"metadata":{"emulator":{"name":"ui"},"message":"Ignoring unsupported arg: port"}}
[debug] [2021-09-18T07:14:33.499Z] Starting Emulator UI with command {"binary":"node","args":["/Users/tokitaryousuke/.cache/firebase/emulators/ui-v1.6.3/server.bundle.js"],"optionalArgs":[],"joinArgs":false} {"metadata":{"emulator":{"name":"ui"},"message":"Starting Emulator UI with command {\"binary\":\"node\",\"args\":[\"/Users/tokitaryousuke/.cache/firebase/emulators/ui-v1.6.3/server.bundle.js\"],\"optionalArgs\":[],\"joinArgs\":false}"}}
[info] i  ui: Emulator UI logging to ui-debug.log {"metadata":{"emulator":{"name":"ui"},"message":"Emulator UI logging to \u001b[1mui-debug.log\u001b[22m"}}
[debug] [2021-09-18T07:14:33.643Z] Web / API server started at localhost:4000
 {"metadata":{"emulator":{"name":"ui"},"message":"Web / API server started at localhost:4000\n"}}
[info] i  functions: Watching "/Users/tokitaryousuke/Repo/web-book-cra/functions" for Cloud Functions... {"metadata":{"emulator":{"name":"functions"},"message":"Watching \"/Users/tokitaryousuke/Repo/web-book-cra/functions\" for Cloud Functions..."}}
[debug] [2021-09-18T07:14:33.789Z] [worker-pool] addWorker(~diagnostic~) {"metadata":{"emulator":{"name":"functions"},"message":"[worker-pool] addWorker(~diagnostic~)"}}
[debug] [2021-09-18T07:14:33.790Z] [worker-pool] Adding worker with key ~diagnostic~, total=1 {"metadata":{"emulator":{"name":"functions"},"message":"[worker-pool] Adding worker with key ~diagnostic~, total=1"}}
[debug] [2021-09-18T07:14:33.790Z] [worker-pool] submitWork(triggerId=) {"metadata":{"emulator":{"name":"functions"},"message":"[worker-pool] submitWork(triggerId=)"}}
[debug] [2021-09-18T07:14:33.790Z] [worker-~diagnostic~-5ec5796f-b00f-478b-9ada-9121123098dc]: Assigning socketPath: /var/folders/wx/fj9cr_f179vfpgq8rp09x1br0000gn/T/fire_emu_84184.sock {"metadata":{"emulator":{"name":"functions"},"message":"[worker-~diagnostic~-5ec5796f-b00f-478b-9ada-9121123098dc]: Assigning socketPath: /var/folders/wx/fj9cr_f179vfpgq8rp09x1br0000gn/T/fire_emu_84184.sock"}}
[debug] [2021-09-18T07:14:33.790Z] [worker-~diagnostic~-5ec5796f-b00f-478b-9ada-9121123098dc]: BUSY {"metadata":{"emulator":{"name":"functions"},"message":"[worker-~diagnostic~-5ec5796f-b00f-478b-9ada-9121123098dc]: BUSY"}}
[debug] [2021-09-18T07:14:33.979Z] [runtime-status] [84184] Functions runtime initialized. {"cwd":"/Users/tokitaryousuke/Repo/web-book-cra/functions","node_version":"14.16.0"} {"metadata":{"emulator":{"name":"functions"},"message":"[runtime-status] [84184] Functions runtime initialized. {\"cwd\":\"/Users/tokitaryousuke/Repo/web-book-cra/functions\",\"node_version\":\"14.16.0\"}"}}
[debug] [2021-09-18T07:14:33.980Z] [runtime-status] [84184] Disabled runtime features: undefined {"metadata":{"emulator":{"name":"functions"},"message":"[runtime-status] [84184] Disabled runtime features: undefined"}}
[debug] [2021-09-18T07:14:33.982Z] [runtime-status] [84184] Resolved module firebase-admin {"declared":true,"installed":true,"version":"9.11.1","resolution":"/Users/tokitaryousuke/Repo/web-book-cra/functions/node_modules/firebase-admin/lib/index.js"} {"metadata":{"emulator":{"name":"functions"},"message":"[runtime-status] [84184] Resolved module firebase-admin {\"declared\":true,\"installed\":true,\"version\":\"9.11.1\",\"resolution\":\"/Users/tokitaryousuke/Repo/web-book-cra/functions/node_modules/firebase-admin/lib/index.js\"}"}}
[debug] [2021-09-18T07:14:33.985Z] [runtime-status] [84184] Resolved module firebase-functions {"declared":true,"installed":true,"version":"3.15.6","resolution":"/Users/tokitaryousuke/Repo/web-book-cra/functions/node_modules/firebase-functions/lib/index.js"} {"metadata":{"emulator":{"name":"functions"},"message":"[runtime-status] [84184] Resolved module firebase-functions {\"declared\":true,\"installed\":true,\"version\":\"3.15.6\",\"resolution\":\"/Users/tokitaryousuke/Repo/web-book-cra/functions/node_modules/firebase-functions/lib/index.js\"}"}}
[debug] [2021-09-18T07:14:33.987Z] [runtime-status] [84184] Resolved module firebase-functions {"declared":true,"installed":true,"version":"3.15.6","resolution":"/Users/tokitaryousuke/Repo/web-book-cra/functions/node_modules/firebase-functions/lib/index.js"} {"metadata":{"emulator":{"name":"functions"},"message":"[runtime-status] [84184] Resolved module firebase-functions {\"declared\":true,\"installed\":true,\"version\":\"3.15.6\",\"resolution\":\"/Users/tokitaryousuke/Repo/web-book-cra/functions/node_modules/firebase-functions/lib/index.js\"}"}}
[debug] [2021-09-18T07:14:33.987Z] [runtime-status] [84184] Set PUBSUB_EMULATOR_HOST to localhost:8085 {"metadata":{"emulator":{"name":"functions"},"message":"[runtime-status] [84184] Set PUBSUB_EMULATOR_HOST to localhost:8085"}}
[debug] [2021-09-18T07:14:33.989Z] [runtime-status] [84184] Outgoing network have been stubbed. [{"name":"http","status":"mocked"},{"name":"http","status":"mocked"},{"name":"https","status":"mocked"},{"name":"https","status":"mocked"},{"name":"net","status":"mocked"}] {"metadata":{"emulator":{"name":"functions"},"message":"[runtime-status] [84184] Outgoing network have been stubbed. [{\"name\":\"http\",\"status\":\"mocked\"},{\"name\":\"http\",\"status\":\"mocked\"},{\"name\":\"https\",\"status\":\"mocked\"},{\"name\":\"https\",\"status\":\"mocked\"},{\"name\":\"net\",\"status\":\"mocked\"}]"}}
[debug] [2021-09-18T07:14:33.990Z] [runtime-status] [84184] Resolved module firebase-functions {"declared":true,"installed":true,"version":"3.15.6","resolution":"/Users/tokitaryousuke/Repo/web-book-cra/functions/node_modules/firebase-functions/lib/index.js"} {"metadata":{"emulator":{"name":"functions"},"message":"[runtime-status] [84184] Resolved module firebase-functions {\"declared\":true,\"installed\":true,\"version\":\"3.15.6\",\"resolution\":\"/Users/tokitaryousuke/Repo/web-book-cra/functions/node_modules/firebase-functions/lib/index.js\"}"}}
[debug] [2021-09-18T07:14:34.019Z] [runtime-status] [84184] Checked functions.config() {"config":{}} {"metadata":{"emulator":{"name":"functions"},"message":"[runtime-status] [84184] Checked functions.config() {\"config\":{}}"}}
[debug] [2021-09-18T07:14:34.019Z] [runtime-status] [84184] firebase-functions has been stubbed. {"functionsResolution":{"declared":true,"installed":true,"version":"3.15.6","resolution":"/Users/tokitaryousuke/Repo/web-book-cra/functions/node_modules/firebase-functions/lib/index.js"}} {"metadata":{"emulator":{"name":"functions"},"message":"[runtime-status] [84184] firebase-functions has been stubbed. {\"functionsResolution\":{\"declared\":true,\"installed\":true,\"version\":\"3.15.6\",\"resolution\":\"/Users/tokitaryousuke/Repo/web-book-cra/functions/node_modules/firebase-functions/lib/index.js\"}}"}}
[debug] [2021-09-18T07:14:34.019Z] [runtime-status] [84184] Resolved module firebase-functions {"declared":true,"installed":true,"version":"3.15.6","resolution":"/Users/tokitaryousuke/Repo/web-book-cra/functions/node_modules/firebase-functions/lib/index.js"} {"metadata":{"emulator":{"name":"functions"},"message":"[runtime-status] [84184] Resolved module firebase-functions {\"declared\":true,\"installed\":true,\"version\":\"3.15.6\",\"resolution\":\"/Users/tokitaryousuke/Repo/web-book-cra/functions/node_modules/firebase-functions/lib/index.js\"}"}}
[debug] [2021-09-18T07:14:34.020Z] [runtime-status] [84184] Resolved module firebase-admin {"declared":true,"installed":true,"version":"9.11.1","resolution":"/Users/tokitaryousuke/Repo/web-book-cra/functions/node_modules/firebase-admin/lib/index.js"} {"metadata":{"emulator":{"name":"functions"},"message":"[runtime-status] [84184] Resolved module firebase-admin {\"declared\":true,\"installed\":true,\"version\":\"9.11.1\",\"resolution\":\"/Users/tokitaryousuke/Repo/web-book-cra/functions/node_modules/firebase-admin/lib/index.js\"}"}}
[debug] [2021-09-18T07:14:34.020Z] [runtime-status] [84184] Resolved module firebase-functions {"declared":true,"installed":true,"version":"3.15.6","resolution":"/Users/tokitaryousuke/Repo/web-book-cra/functions/node_modules/firebase-functions/lib/index.js"} {"metadata":{"emulator":{"name":"functions"},"message":"[runtime-status] [84184] Resolved module firebase-functions {\"declared\":true,\"installed\":true,\"version\":\"3.15.6\",\"resolution\":\"/Users/tokitaryousuke/Repo/web-book-cra/functions/node_modules/firebase-functions/lib/index.js\"}"}}
[debug] [2021-09-18T07:14:34.020Z] [runtime-status] [84184] firebase-admin has been stubbed. {"adminResolution":{"declared":true,"installed":true,"version":"9.11.1","resolution":"/Users/tokitaryousuke/Repo/web-book-cra/functions/node_modules/firebase-admin/lib/index.js"}} {"metadata":{"emulator":{"name":"functions"},"message":"[runtime-status] [84184] firebase-admin has been stubbed. {\"adminResolution\":{\"declared\":true,\"installed\":true,\"version\":\"9.11.1\",\"resolution\":\"/Users/tokitaryousuke/Repo/web-book-cra/functions/node_modules/firebase-admin/lib/index.js\"}}"}}
[warn] ⚠  Error: Cannot find module '/Users/tokitaryousuke/Repo/web-book-cra/functions/lib/index.js'. Please verify that the package.json has a valid "main" entry
    at tryPackage (internal/modules/cjs/loader.js:303:19)
    at Function.Module._findPath (internal/modules/cjs/loader.js:516:18)
    at Function.Module._resolveFilename (internal/modules/cjs/loader.js:867:27)
    at Function.Module._load (internal/modules/cjs/loader.js:725:27)
    at Module.require (internal/modules/cjs/loader.js:952:19)
    at require (internal/modules/cjs/helpers.js:88:18)
    at initializeRuntime (/Users/tokitaryousuke/Repo/web-book-cra/node_modules/firebase-tools/lib/emulator/functionsEmulatorRuntime.js:715:29)
    at processTicksAndRejections (internal/process/task_queues.js:93:5)
    at async handleMessage (/Users/tokitaryousuke/Repo/web-book-cra/node_modules/firebase-tools/lib/emulator/functionsEmulatorRuntime.js:759:20) {"metadata":{"emulator":{"name":"functions"},"message":"Error: Cannot find module '/Users/tokitaryousuke/Repo/web-book-cra/functions/lib/index.js'. Please verify that the package.json has a valid \"main\" entry\n    at tryPackage (internal/modules/cjs/loader.js:303:19)\n    at Function.Module._findPath (internal/modules/cjs/loader.js:516:18)\n    at Function.Module._resolveFilename (internal/modules/cjs/loader.js:867:27)\n    at Function.Module._load (internal/modules/cjs/loader.js:725:27)\n    at Module.require (internal/modules/cjs/loader.js:952:19)\n    at require (internal/modules/cjs/helpers.js:88:18)\n    at initializeRuntime (/Users/tokitaryousuke/Repo/web-book-cra/node_modules/firebase-tools/lib/emulator/functionsEmulatorRuntime.js:715:29)\n    at processTicksAndRejections (internal/process/task_queues.js:93:5)\n    at async handleMessage (/Users/tokitaryousuke/Repo/web-book-cra/node_modules/firebase-tools/lib/emulator/functionsEmulatorRuntime.js:759:20)"}}
[warn] ⚠  We were unable to load your functions code. (see above)
   - It appears your code is written in Typescript, which must be compiled before emulation.
   - You may be able to run "npm run build" in your functions directory to resolve this. {"metadata":{"emulator":{"name":"functions"}}}
[debug] [2021-09-18T07:14:34.041Z] [worker-~diagnostic~-5ec5796f-b00f-478b-9ada-9121123098dc]: exited {"metadata":{"emulator":{"name":"functions"},"message":"[worker-~diagnostic~-5ec5796f-b00f-478b-9ada-9121123098dc]: exited"}}
[debug] [2021-09-18T07:14:34.041Z] [worker-~diagnostic~-5ec5796f-b00f-478b-9ada-9121123098dc]: FINISHED {"metadata":{"emulator":{"name":"functions"},"message":"[worker-~diagnostic~-5ec5796f-b00f-478b-9ada-9121123098dc]: FINISHED"}}
[debug] [2021-09-18T07:14:59.532Z] Functions emulator received unknown request at path /v0/b/web-book-cra.appspot.com/o
[debug] [2021-09-18T07:15:01.806Z] Functions emulator received unknown request at path /v0/b/web-book-cra.appspot.com/o
[debug] [2021-09-18T07:15:06.614Z] Functions emulator received unknown request at path /v0/b/web-book-cra.appspot.com/o
[debug] [2021-09-18T07:15:15.030Z] Functions emulator received unknown request at path /v0/b/web-book-cra.appspot.com/o
[debug] [2021-09-18T07:15:31.859Z] Functions emulator received unknown request at path /v0/b/web-book-cra.appspot.com/o
[debug] [2021-09-18T07:16:03.941Z] >>> [apiv2][query] POST http://localhost:5001/functions/projects/web-book-cra/trigger_multicast [none]
[debug] [2021-09-18T07:16:03.942Z] >>> [apiv2][body] POST http://localhost:5001/functions/projects/web-book-cra/trigger_multicast "{\"eventId\":\"1631949363941\",\"timestamp\":\"2021-09-18T16:16:03.941Z\",\"eventType\":\"google.storage.object.metadataUpdate\",\"resource\":{\"service\":\"storage.googleapis.com\",\"name\":\"projects/_/buckets/web-book-cra.appspot.com/objects/images/chapters-1-images-1631949363\",\"type\":\"storage#object\"},\"data\":{\"kind\":\"#storage#object\",\"name\":\"images/chapters-1-images-1631949363\",\"bucket\":\"web-book-cra.appspot.com\",\"generation\":\"1631949363929\",\"metageneration\":\"1\",\"contentType\":\"image/*\",\"timeCreated\":\"2021-09-18T16:16:03.928Z\",\"updated\":\"2021-09-18T16:16:03.938Z\",\"storageClass\":\"STANDARD\",\"size\":\"951292\",\"md5Hash\":\"yqYHZpsJLf7LSlLPODiGgg==\",\"etag\":\"someETag\",\"crc32c\":\"----wg==\",\"timeStorageClassUpdated\":\"2021-09-18T16:16:03.928Z\",\"id\":\"web-book-cra.appspot.com/images/chapters-1-images-1631949363/1631949363929\",\"selfLink\":\"http://localhost:9199/storage/v1/b/web-book-cra.appspot.com/o/images%2Fchapters-1-images-1631949363\",\"mediaLink\":\"http://localhost:9199/download/storage/v1/b/web-book-cra.appspot.com/o/images%2Fchapters-1-images-1631949363?generation=1631949363929&alt=media\"}}"
[debug] [2021-09-18T07:16:03.944Z] >>> [apiv2][query] POST http://localhost:5001/functions/projects/web-book-cra/trigger_multicast [none]
[debug] [2021-09-18T07:16:03.944Z] >>> [apiv2][body] POST http://localhost:5001/functions/projects/web-book-cra/trigger_multicast "{\"eventId\":\"1631949363944\",\"timestamp\":\"2021-09-18T16:16:03.944Z\",\"eventType\":\"google.storage.object.finalize\",\"resource\":{\"service\":\"storage.googleapis.com\",\"name\":\"projects/_/buckets/web-book-cra.appspot.com/objects/images/chapters-1-images-1631949363\",\"type\":\"storage#object\"},\"data\":{\"kind\":\"#storage#object\",\"name\":\"images/chapters-1-images-1631949363\",\"bucket\":\"web-book-cra.appspot.com\",\"generation\":\"1631949363929\",\"metageneration\":\"1\",\"contentType\":\"image/*\",\"timeCreated\":\"2021-09-18T16:16:03.928Z\",\"updated\":\"2021-09-18T16:16:03.938Z\",\"storageClass\":\"STANDARD\",\"size\":\"951292\",\"md5Hash\":\"yqYHZpsJLf7LSlLPODiGgg==\",\"etag\":\"someETag\",\"crc32c\":\"----wg==\",\"timeStorageClassUpdated\":\"2021-09-18T16:16:03.928Z\",\"id\":\"web-book-cra.appspot.com/images/chapters-1-images-1631949363/1631949363929\",\"selfLink\":\"http://localhost:9199/storage/v1/b/web-book-cra.appspot.com/o/images%2Fchapters-1-images-1631949363\",\"mediaLink\":\"http://localhost:9199/download/storage/v1/b/web-book-cra.appspot.com/o/images%2Fchapters-1-images-1631949363?generation=1631949363929&alt=media\"}}"
[debug] [2021-09-18T07:16:03.955Z] <<< [apiv2][status] POST http://localhost:5001/functions/projects/web-book-cra/trigger_multicast 200
[debug] [2021-09-18T07:16:03.955Z] <<< [apiv2][body] POST http://localhost:5001/functions/projects/web-book-cra/trigger_multicast {"status":"multicast_acknowledged"}
[debug] [2021-09-18T07:16:03.957Z] <<< [apiv2][status] POST http://localhost:5001/functions/projects/web-book-cra/trigger_multicast 200
[debug] [2021-09-18T07:16:03.958Z] <<< [apiv2][body] POST http://localhost:5001/functions/projects/web-book-cra/trigger_multicast {"status":"multicast_acknowledged"}
[debug] [2021-09-18T07:16:04.095Z] Functions emulator received unknown request at path /v0/b/web-book-cra.appspot.com/o
[debug] [2021-09-18T07:16:04.179Z] >>> [apiv2][query] POST http://localhost:5001/functions/projects/web-book-cra/trigger_multicast [none]
[debug] [2021-09-18T07:16:04.179Z] >>> [apiv2][body] POST http://localhost:5001/functions/projects/web-book-cra/trigger_multicast "{\"eventId\":\"1631949364179\",\"timestamp\":\"2021-09-18T16:16:04.179Z\",\"eventType\":\"google.storage.object.delete\",\"resource\":{\"service\":\"storage.googleapis.com\",\"name\":\"projects/_/buckets/web-book-cra.appspot.com/objects/images/chapters-1-images-1631949363\",\"type\":\"storage#object\"},\"data\":{\"kind\":\"#storage#object\",\"name\":\"images/chapters-1-images-1631949363\",\"bucket\":\"web-book-cra.appspot.com\",\"generation\":\"1631949363929\",\"metageneration\":\"1\",\"contentType\":\"image/*\",\"timeCreated\":\"2021-09-18T16:16:03.928Z\",\"updated\":\"2021-09-18T16:16:03.938Z\",\"storageClass\":\"STANDARD\",\"size\":\"951292\",\"md5Hash\":\"yqYHZpsJLf7LSlLPODiGgg==\",\"etag\":\"someETag\",\"crc32c\":\"----wg==\",\"timeStorageClassUpdated\":\"2021-09-18T16:16:03.928Z\",\"id\":\"web-book-cra.appspot.com/images/chapters-1-images-1631949363/1631949363929\",\"selfLink\":\"http://localhost:9199/storage/v1/b/web-book-cra.appspot.com/o/images%2Fchapters-1-images-1631949363\",\"mediaLink\":\"http://localhost:9199/download/storage/v1/b/web-book-cra.appspot.com/o/images%2Fchapters-1-images-1631949363?generation=1631949363929&alt=media\"}}"
[debug] [2021-09-18T07:16:04.185Z] <<< [apiv2][status] POST http://localhost:5001/functions/projects/web-book-cra/trigger_multicast 200
[debug] [2021-09-18T07:16:04.185Z] <<< [apiv2][body] POST http://localhost:5001/functions/projects/web-book-cra/trigger_multicast {"status":"multicast_acknowledged"}
[info] i  storage: Change detected, updating rules for Cloud Storage... {"metadata":{"emulator":{"name":"storage"},"message":"Change detected, updating rules for Cloud Storage..."}}
[debug] [2021-09-18T07:16:42.462Z] >>> [apiv2][query] POST http://localhost:5001/functions/projects/web-book-cra/trigger_multicast [none]
[debug] [2021-09-18T07:16:42.462Z] >>> [apiv2][body] POST http://localhost:5001/functions/projects/web-book-cra/trigger_multicast "{\"eventId\":\"1631949402461\",\"timestamp\":\"2021-09-18T16:16:42.461Z\",\"eventType\":\"google.storage.object.metadataUpdate\",\"resource\":{\"service\":\"storage.googleapis.com\",\"name\":\"projects/_/buckets/web-book-cra.appspot.com/objects/images/chapters-1-images-1631949402\",\"type\":\"storage#object\"},\"data\":{\"kind\":\"#storage#object\",\"name\":\"images/chapters-1-images-1631949402\",\"bucket\":\"web-book-cra.appspot.com\",\"generation\":\"1631949402457\",\"metageneration\":\"1\",\"contentType\":\"image/*\",\"timeCreated\":\"2021-09-18T16:16:42.456Z\",\"updated\":\"2021-09-18T16:16:42.461Z\",\"storageClass\":\"STANDARD\",\"size\":\"150846\",\"md5Hash\":\"NxGd5wfqF6vyh2YtseiPUw==\",\"etag\":\"someETag\",\"crc32c\":\"----cQ==\",\"timeStorageClassUpdated\":\"2021-09-18T16:16:42.456Z\",\"id\":\"web-book-cra.appspot.com/images/chapters-1-images-1631949402/1631949402457\",\"selfLink\":\"http://localhost:9199/storage/v1/b/web-book-cra.appspot.com/o/images%2Fchapters-1-images-1631949402\",\"mediaLink\":\"http://localhost:9199/download/storage/v1/b/web-book-cra.appspot.com/o/images%2Fchapters-1-images-1631949402?generation=1631949402457&alt=media\"}}"
[debug] [2021-09-18T07:16:42.463Z] >>> [apiv2][query] POST http://localhost:5001/functions/projects/web-book-cra/trigger_multicast [none]
[debug] [2021-09-18T07:16:42.463Z] >>> [apiv2][body] POST http://localhost:5001/functions/projects/web-book-cra/trigger_multicast "{\"eventId\":\"1631949402463\",\"timestamp\":\"2021-09-18T16:16:42.463Z\",\"eventType\":\"google.storage.object.finalize\",\"resource\":{\"service\":\"storage.googleapis.com\",\"name\":\"projects/_/buckets/web-book-cra.appspot.com/objects/images/chapters-1-images-1631949402\",\"type\":\"storage#object\"},\"data\":{\"kind\":\"#storage#object\",\"name\":\"images/chapters-1-images-1631949402\",\"bucket\":\"web-book-cra.appspot.com\",\"generation\":\"1631949402457\",\"metageneration\":\"1\",\"contentType\":\"image/*\",\"timeCreated\":\"2021-09-18T16:16:42.456Z\",\"updated\":\"2021-09-18T16:16:42.461Z\",\"storageClass\":\"STANDARD\",\"size\":\"150846\",\"md5Hash\":\"NxGd5wfqF6vyh2YtseiPUw==\",\"etag\":\"someETag\",\"crc32c\":\"----cQ==\",\"timeStorageClassUpdated\":\"2021-09-18T16:16:42.456Z\",\"id\":\"web-book-cra.appspot.com/images/chapters-1-images-1631949402/1631949402457\",\"selfLink\":\"http://localhost:9199/storage/v1/b/web-book-cra.appspot.com/o/images%2Fchapters-1-images-1631949402\",\"mediaLink\":\"http://localhost:9199/download/storage/v1/b/web-book-cra.appspot.com/o/images%2Fchapters-1-images-1631949402?generation=1631949402457&alt=media\"}}"
[debug] [2021-09-18T07:16:42.473Z] <<< [apiv2][status] POST http://localhost:5001/functions/projects/web-book-cra/trigger_multicast 200
[debug] [2021-09-18T07:16:42.473Z] <<< [apiv2][body] POST http://localhost:5001/functions/projects/web-book-cra/trigger_multicast {"status":"multicast_acknowledged"}
[debug] [2021-09-18T07:16:42.474Z] <<< [apiv2][status] POST http://localhost:5001/functions/projects/web-book-cra/trigger_multicast 200
[debug] [2021-09-18T07:16:42.474Z] <<< [apiv2][body] POST http://localhost:5001/functions/projects/web-book-cra/trigger_multicast {"status":"multicast_acknowledged"}
[debug] [2021-09-18T07:16:52.600Z] Sep 18, 2021 4:16:52 PM io.gapi.emulators.netty.HttpVersionRoutingHandler channelRead
INFO: Detected non-HTTP/2 connection.
 {"metadata":{"emulator":{"name":"firestore"},"message":"Sep 18, 2021 4:16:52 PM io.gapi.emulators.netty.HttpVersionRoutingHandler channelRead\nINFO: Detected non-HTTP/2 connection.\n"}}
[debug] [2021-09-18T07:16:52.656Z] Sep 18, 2021 4:16:52 PM com.google.cloud.datastore.emulator.firestore.websocket.WebSocketChannelHandler initChannel
INFO: Connected to new websocket client
 {"metadata":{"emulator":{"name":"firestore"},"message":"Sep 18, 2021 4:16:52 PM com.google.cloud.datastore.emulator.firestore.websocket.WebSocketChannelHandler initChannel\nINFO: Connected to new websocket client\n"}}
[debug] [2021-09-18T07:16:56.580Z] Sep 18, 2021 4:16:56 PM io.gapi.emulators.netty.HttpVersionRoutingHandler channelRead
INFO: Detected non-HTTP/2 connection.
 {"metadata":{"emulator":{"name":"firestore"},"message":"Sep 18, 2021 4:16:56 PM io.gapi.emulators.netty.HttpVersionRoutingHandler channelRead\nINFO: Detected non-HTTP/2 connection.\n"}}
[debug] [2021-09-18T07:16:58.610Z] Sep 18, 2021 4:16:58 PM io.gapi.emulators.netty.HttpVersionRoutingHandler channelRead
INFO: Detected non-HTTP/2 connection.
 {"metadata":{"emulator":{"name":"firestore"},"message":"Sep 18, 2021 4:16:58 PM io.gapi.emulators.netty.HttpVersionRoutingHandler channelRead\nINFO: Detected non-HTTP/2 connection.\n"}}
[debug] [2021-09-18T07:17:00.675Z] Sep 18, 2021 4:17:00 PM io.gapi.emulators.netty.HttpVersionRoutingHandler channelRead
INFO: Detected non-HTTP/2 connection.
 {"metadata":{"emulator":{"name":"firestore"},"message":"Sep 18, 2021 4:17:00 PM io.gapi.emulators.netty.HttpVersionRoutingHandler channelRead\nINFO: Detected non-HTTP/2 connection.\n"}}
[debug] [2021-09-18T07:17:02.711Z] Sep 18, 2021 4:17:02 PM io.gapi.emulators.netty.HttpVersionRoutingHandler channelRead
INFO: Detected non-HTTP/2 connection.
 {"metadata":{"emulator":{"name":"firestore"},"message":"Sep 18, 2021 4:17:02 PM io.gapi.emulators.netty.HttpVersionRoutingHandler channelRead\nINFO: Detected non-HTTP/2 connection.\n"}}
[debug] [2021-09-18T07:17:04.731Z] Sep 18, 2021 4:17:04 PM io.gapi.emulators.netty.HttpVersionRoutingHandler channelRead
INFO: Detected non-HTTP/2 connection.
 {"metadata":{"emulator":{"name":"firestore"},"message":"Sep 18, 2021 4:17:04 PM io.gapi.emulators.netty.HttpVersionRoutingHandler channelRead\nINFO: Detected non-HTTP/2 connection.\n"}}
[debug] [2021-09-18T07:17:06.768Z] Sep 18, 2021 4:17:06 PM io.gapi.emulators.netty.HttpVersionRoutingHandler channelRead
INFO: Detected non-HTTP/2 connection.
 {"metadata":{"emulator":{"name":"firestore"},"message":"Sep 18, 2021 4:17:06 PM io.gapi.emulators.netty.HttpVersionRoutingHandler channelRead\nINFO: Detected non-HTTP/2 connection.\n"}}
[debug] [2021-09-18T07:17:08.696Z] Functions emulator received unknown request at path /v0/b/web-book-cra.appspot.com/o
[debug] [2021-09-18T07:17:08.833Z] Sep 18, 2021 4:17:08 PM io.gapi.emulators.netty.HttpVersionRoutingHandler channelRead
INFO: Detected non-HTTP/2 connection.
 {"metadata":{"emulator":{"name":"firestore"},"message":"Sep 18, 2021 4:17:08 PM io.gapi.emulators.netty.HttpVersionRoutingHandler channelRead\nINFO: Detected non-HTTP/2 connection.\n"}}
[debug] [2021-09-18T07:17:10.896Z] Sep 18, 2021 4:17:10 PM io.gapi.emulators.netty.HttpVersionRoutingHandler channelRead
INFO: Detected non-HTTP/2 connection.
 {"metadata":{"emulator":{"name":"firestore"},"message":"Sep 18, 2021 4:17:10 PM io.gapi.emulators.netty.HttpVersionRoutingHandler channelRead\nINFO: Detected non-HTTP/2 connection.\n"}}
[debug] [2021-09-18T07:17:12.939Z] Sep 18, 2021 4:17:12 PM io.gapi.emulators.netty.HttpVersionRoutingHandler channelRead
INFO: Detected non-HTTP/2 connection.
 {"metadata":{"emulator":{"name":"firestore"},"message":"Sep 18, 2021 4:17:12 PM io.gapi.emulators.netty.HttpVersionRoutingHandler channelRead\nINFO: Detected non-HTTP/2 connection.\n"}}
[debug] [2021-09-18T07:17:14.977Z] Sep 18, 2021 4:17:14 PM io.gapi.emulators.netty.HttpVersionRoutingHandler channelRead
INFO: Detected non-HTTP/2 connection.
 {"metadata":{"emulator":{"name":"firestore"},"message":"Sep 18, 2021 4:17:14 PM io.gapi.emulators.netty.HttpVersionRoutingHandler channelRead\nINFO: Detected non-HTTP/2 connection.\n"}}
[debug] [2021-09-18T07:17:17.045Z] Sep 18, 2021 4:17:17 PM io.gapi.emulators.netty.HttpVersionRoutingHandler channelRead
INFO: Detected non-HTTP/2 connection.
 {"metadata":{"emulator":{"name":"firestore"},"message":"Sep 18, 2021 4:17:17 PM io.gapi.emulators.netty.HttpVersionRoutingHandler channelRead\nINFO: Detected non-HTTP/2 connection.\n"}}
[debug] [2021-09-18T07:17:19.092Z] Sep 18, 2021 4:17:19 PM io.gapi.emulators.netty.HttpVersionRoutingHandler channelRead
INFO: Detected non-HTTP/2 connection.
 {"metadata":{"emulator":{"name":"firestore"},"message":"Sep 18, 2021 4:17:19 PM io.gapi.emulators.netty.HttpVersionRoutingHandler channelRead\nINFO: Detected non-HTTP/2 connection.\n"}}
[debug] [2021-09-18T07:17:21.127Z] Sep 18, 2021 4:17:21 PM io.gapi.emulators.netty.HttpVersionRoutingHandler channelRead
INFO: Detected non-HTTP/2 connection.
 {"metadata":{"emulator":{"name":"firestore"},"message":"Sep 18, 2021 4:17:21 PM io.gapi.emulators.netty.HttpVersionRoutingHandler channelRead\nINFO: Detected non-HTTP/2 connection.\n"}}
[debug] [2021-09-18T07:17:23.168Z] Sep 18, 2021 4:17:23 PM io.gapi.emulators.netty.HttpVersionRoutingHandler channelRead
INFO: Detected non-HTTP/2 connection.
 {"metadata":{"emulator":{"name":"firestore"},"message":"Sep 18, 2021 4:17:23 PM io.gapi.emulators.netty.HttpVersionRoutingHandler channelRead\nINFO: Detected non-HTTP/2 connection.\n"}}
[debug] [2021-09-18T07:17:25.213Z] Sep 18, 2021 4:17:25 PM io.gapi.emulators.netty.HttpVersionRoutingHandler channelRead
INFO: Detected non-HTTP/2 connection.
 {"metadata":{"emulator":{"name":"firestore"},"message":"Sep 18, 2021 4:17:25 PM io.gapi.emulators.netty.HttpVersionRoutingHandler channelRead\nINFO: Detected non-HTTP/2 connection.\n"}}
[debug] [2021-09-18T07:17:27.272Z] Sep 18, 2021 4:17:27 PM io.gapi.emulators.netty.HttpVersionRoutingHandler channelRead
INFO: Detected non-HTTP/2 connection.
 {"metadata":{"emulator":{"name":"firestore"},"message":"Sep 18, 2021 4:17:27 PM io.gapi.emulators.netty.HttpVersionRoutingHandler channelRead\nINFO: Detected non-HTTP/2 connection.\n"}}
[debug] [2021-09-18T07:17:29.338Z] Sep 18, 2021 4:17:29 PM io.gapi.emulators.netty.HttpVersionRoutingHandler channelRead
INFO: Detected non-HTTP/2 connection.
 {"metadata":{"emulator":{"name":"firestore"},"message":"Sep 18, 2021 4:17:29 PM io.gapi.emulators.netty.HttpVersionRoutingHandler channelRead\nINFO: Detected non-HTTP/2 connection.\n"}}
[debug] [2021-09-18T07:17:31.387Z] Sep 18, 2021 4:17:31 PM io.gapi.emulators.netty.HttpVersionRoutingHandler channelRead
INFO: Detected non-HTTP/2 connection.
 {"metadata":{"emulator":{"name":"firestore"},"message":"Sep 18, 2021 4:17:31 PM io.gapi.emulators.netty.HttpVersionRoutingHandler channelRead\nINFO: Detected non-HTTP/2 connection.\n"}}
[debug] [2021-09-18T07:17:33.422Z] Sep 18, 2021 4:17:33 PM io.gapi.emulators.netty.HttpVersionRoutingHandler channelRead
INFO: Detected non-HTTP/2 connection.
 {"metadata":{"emulator":{"name":"firestore"},"message":"Sep 18, 2021 4:17:33 PM io.gapi.emulators.netty.HttpVersionRoutingHandler channelRead\nINFO: Detected non-HTTP/2 connection.\n"}}
[debug] [2021-09-18T07:17:35.457Z] Sep 18, 2021 4:17:35 PM io.gapi.emulators.netty.HttpVersionRoutingHandler channelRead
INFO: Detected non-HTTP/2 connection.
 {"metadata":{"emulator":{"name":"firestore"},"message":"Sep 18, 2021 4:17:35 PM io.gapi.emulators.netty.HttpVersionRoutingHandler channelRead\nINFO: Detected non-HTTP/2 connection.\n"}}
[debug] [2021-09-18T07:17:37.492Z] Sep 18, 2021 4:17:37 PM io.gapi.emulators.netty.HttpVersionRoutingHandler channelRead
INFO: Detected non-HTTP/2 connection.
 {"metadata":{"emulator":{"name":"firestore"},"message":"Sep 18, 2021 4:17:37 PM io.gapi.emulators.netty.HttpVersionRoutingHandler channelRead\nINFO: Detected non-HTTP/2 connection.\n"}}
[debug] [2021-09-18T07:17:39.520Z] Sep 18, 2021 4:17:39 PM io.gapi.emulators.netty.HttpVersionRoutingHandler channelRead
INFO: Detected non-HTTP/2 connection.
 {"metadata":{"emulator":{"name":"firestore"},"message":"Sep 18, 2021 4:17:39 PM io.gapi.emulators.netty.HttpVersionRoutingHandler channelRead\nINFO: Detected non-HTTP/2 connection.\n"}}
[debug] [2021-09-18T07:17:41.555Z] Sep 18, 2021 4:17:41 PM io.gapi.emulators.netty.HttpVersionRoutingHandler channelRead
INFO: Detected non-HTTP/2 connection.
 {"metadata":{"emulator":{"name":"firestore"},"message":"Sep 18, 2021 4:17:41 PM io.gapi.emulators.netty.HttpVersionRoutingHandler channelRead\nINFO: Detected non-HTTP/2 connection.\n"}}
[debug] [2021-09-18T07:17:43.598Z] Sep 18, 2021 4:17:43 PM io.gapi.emulators.netty.HttpVersionRoutingHandler channelRead
INFO: Detected non-HTTP/2 connection.
 {"metadata":{"emulator":{"name":"firestore"},"message":"Sep 18, 2021 4:17:43 PM io.gapi.emulators.netty.HttpVersionRoutingHandler channelRead\nINFO: Detected non-HTTP/2 connection.\n"}}
[debug] [2021-09-18T07:17:45.633Z] Sep 18, 2021 4:17:45 PM io.gapi.emulators.netty.HttpVersionRoutingHandler channelRead
INFO: Detected non-HTTP/2 connection.
 {"metadata":{"emulator":{"name":"firestore"},"message":"Sep 18, 2021 4:17:45 PM io.gapi.emulators.netty.HttpVersionRoutingHandler channelRead\nINFO: Detected non-HTTP/2 connection.\n"}}
[debug] [2021-09-18T07:17:47.678Z] Sep 18, 2021 4:17:47 PM io.gapi.emulators.netty.HttpVersionRoutingHandler channelRead
INFO: Detected non-HTTP/2 connection.
 {"metadata":{"emulator":{"name":"firestore"},"message":"Sep 18, 2021 4:17:47 PM io.gapi.emulators.netty.HttpVersionRoutingHandler channelRead\nINFO: Detected non-HTTP/2 connection.\n"}}
[debug] [2021-09-18T07:17:49.741Z] Sep 18, 2021 4:17:49 PM io.gapi.emulators.netty.HttpVersionRoutingHandler channelRead
INFO: Detected non-HTTP/2 connection.
 {"metadata":{"emulator":{"name":"firestore"},"message":"Sep 18, 2021 4:17:49 PM io.gapi.emulators.netty.HttpVersionRoutingHandler channelRead\nINFO: Detected non-HTTP/2 connection.\n"}}
[debug] [2021-09-18T07:17:51.782Z] Sep 18, 2021 4:17:51 PM io.gapi.emulators.netty.HttpVersionRoutingHandler channelRead
INFO: Detected non-HTTP/2 connection.
 {"metadata":{"emulator":{"name":"firestore"},"message":"Sep 18, 2021 4:17:51 PM io.gapi.emulators.netty.HttpVersionRoutingHandler channelRead\nINFO: Detected non-HTTP/2 connection.\n"}}
[debug] [2021-09-18T07:17:53.825Z] Sep 18, 2021 4:17:53 PM io.gapi.emulators.netty.HttpVersionRoutingHandler channelRead
INFO: Detected non-HTTP/2 connection.
 {"metadata":{"emulator":{"name":"firestore"},"message":"Sep 18, 2021 4:17:53 PM io.gapi.emulators.netty.HttpVersionRoutingHandler channelRead\nINFO: Detected non-HTTP/2 connection.\n"}}
[debug] [2021-09-18T07:17:55.866Z] Sep 18, 2021 4:17:55 PM io.gapi.emulators.netty.HttpVersionRoutingHandler channelRead
INFO: Detected non-HTTP/2 connection.
 {"metadata":{"emulator":{"name":"firestore"},"message":"Sep 18, 2021 4:17:55 PM io.gapi.emulators.netty.HttpVersionRoutingHandler channelRead\nINFO: Detected non-HTTP/2 connection.\n"}}
[debug] [2021-09-18T07:17:57.910Z] Sep 18, 2021 4:17:57 PM io.gapi.emulators.netty.HttpVersionRoutingHandler channelRead
INFO: Detected non-HTTP/2 connection.
 {"metadata":{"emulator":{"name":"firestore"},"message":"Sep 18, 2021 4:17:57 PM io.gapi.emulators.netty.HttpVersionRoutingHandler channelRead\nINFO: Detected non-HTTP/2 connection.\n"}}
[debug] [2021-09-18T07:17:59.953Z] Sep 18, 2021 4:17:59 PM io.gapi.emulators.netty.HttpVersionRoutingHandler channelRead
INFO: Detected non-HTTP/2 connection.
 {"metadata":{"emulator":{"name":"firestore"},"message":"Sep 18, 2021 4:17:59 PM io.gapi.emulators.netty.HttpVersionRoutingHandler channelRead\nINFO: Detected non-HTTP/2 connection.\n"}}
[debug] [2021-09-18T07:18:01.991Z] Sep 18, 2021 4:18:01 PM io.gapi.emulators.netty.HttpVersionRoutingHandler channelRead
INFO: Detected non-HTTP/2 connection.
 {"metadata":{"emulator":{"name":"firestore"},"message":"Sep 18, 2021 4:18:01 PM io.gapi.emulators.netty.HttpVersionRoutingHandler channelRead\nINFO: Detected non-HTTP/2 connection.\n"}}
[debug] [2021-09-18T07:18:04.026Z] Sep 18, 2021 4:18:04 PM io.gapi.emulators.netty.HttpVersionRoutingHandler channelRead
INFO: Detected non-HTTP/2 connection.
 {"metadata":{"emulator":{"name":"firestore"},"message":"Sep 18, 2021 4:18:04 PM io.gapi.emulators.netty.HttpVersionRoutingHandler channelRead\nINFO: Detected non-HTTP/2 connection.\n"}}
[debug] [2021-09-18T07:18:06.067Z] Sep 18, 2021 4:18:06 PM io.gapi.emulators.netty.HttpVersionRoutingHandler channelRead
INFO: Detected non-HTTP/2 connection.
 {"metadata":{"emulator":{"name":"firestore"},"message":"Sep 18, 2021 4:18:06 PM io.gapi.emulators.netty.HttpVersionRoutingHandler channelRead\nINFO: Detected non-HTTP/2 connection.\n"}}
[debug] [2021-09-18T07:18:08.119Z] Sep 18, 2021 4:18:08 PM io.gapi.emulators.netty.HttpVersionRoutingHandler channelRead
INFO: Detected non-HTTP/2 connection.
 {"metadata":{"emulator":{"name":"firestore"},"message":"Sep 18, 2021 4:18:08 PM io.gapi.emulators.netty.HttpVersionRoutingHandler channelRead\nINFO: Detected non-HTTP/2 connection.\n"}}
[debug] [2021-09-18T07:18:10.157Z] Sep 18, 2021 4:18:10 PM io.gapi.emulators.netty.HttpVersionRoutingHandler channelRead
INFO: Detected non-HTTP/2 connection.
 {"metadata":{"emulator":{"name":"firestore"},"message":"Sep 18, 2021 4:18:10 PM io.gapi.emulators.netty.HttpVersionRoutingHandler channelRead\nINFO: Detected non-HTTP/2 connection.\n"}}
[debug] [2021-09-18T07:18:12.188Z] Sep 18, 2021 4:18:12 PM io.gapi.emulators.netty.HttpVersionRoutingHandler channelRead
INFO: Detected non-HTTP/2 connection.
 {"metadata":{"emulator":{"name":"firestore"},"message":"Sep 18, 2021 4:18:12 PM io.gapi.emulators.netty.HttpVersionRoutingHandler channelRead\nINFO: Detected non-HTTP/2 connection.\n"}}
[debug] [2021-09-18T07:18:13.834Z] Functions emulator received unknown request at path /v0/b/web-book-cra.appspot.com/o
[debug] [2021-09-18T07:18:14.229Z] Sep 18, 2021 4:18:14 PM io.gapi.emulators.netty.HttpVersionRoutingHandler channelRead
INFO: Detected non-HTTP/2 connection.
 {"metadata":{"emulator":{"name":"firestore"},"message":"Sep 18, 2021 4:18:14 PM io.gapi.emulators.netty.HttpVersionRoutingHandler channelRead\nINFO: Detected non-HTTP/2 connection.\n"}}
[debug] [2021-09-18T07:18:16.285Z] Sep 18, 2021 4:18:16 PM io.gapi.emulators.netty.HttpVersionRoutingHandler channelRead
INFO: Detected non-HTTP/2 connection.
 {"metadata":{"emulator":{"name":"firestore"},"message":"Sep 18, 2021 4:18:16 PM io.gapi.emulators.netty.HttpVersionRoutingHandler channelRead\nINFO: Detected non-HTTP/2 connection.\n"}}
[debug] [2021-09-18T07:18:18.352Z] Sep 18, 2021 4:18:18 PM io.gapi.emulators.netty.HttpVersionRoutingHandler channelRead
INFO: Detected non-HTTP/2 connection.
 {"metadata":{"emulator":{"name":"firestore"},"message":"Sep 18, 2021 4:18:18 PM io.gapi.emulators.netty.HttpVersionRoutingHandler channelRead\nINFO: Detected non-HTTP/2 connection.\n"}}
[debug] [2021-09-18T07:18:20.389Z] Sep 18, 2021 4:18:20 PM io.gapi.emulators.netty.HttpVersionRoutingHandler channelRead
INFO: Detected non-HTTP/2 connection.
 {"metadata":{"emulator":{"name":"firestore"},"message":"Sep 18, 2021 4:18:20 PM io.gapi.emulators.netty.HttpVersionRoutingHandler channelRead\nINFO: Detected non-HTTP/2 connection.\n"}}
[debug] [2021-09-18T07:18:22.424Z] Sep 18, 2021 4:18:22 PM io.gapi.emulators.netty.HttpVersionRoutingHandler channelRead
INFO: Detected non-HTTP/2 connection.
 {"metadata":{"emulator":{"name":"firestore"},"message":"Sep 18, 2021 4:18:22 PM io.gapi.emulators.netty.HttpVersionRoutingHandler channelRead\nINFO: Detected non-HTTP/2 connection.\n"}}
[debug] [2021-09-18T07:18:24.480Z] Sep 18, 2021 4:18:24 PM io.gapi.emulators.netty.HttpVersionRoutingHandler channelRead
INFO: Detected non-HTTP/2 connection.
 {"metadata":{"emulator":{"name":"firestore"},"message":"Sep 18, 2021 4:18:24 PM io.gapi.emulators.netty.HttpVersionRoutingHandler channelRead\nINFO: Detected non-HTTP/2 connection.\n"}}
[debug] [2021-09-18T07:18:55.182Z] Sep 18, 2021 4:18:55 PM io.gapi.emulators.netty.HttpVersionRoutingHandler channelRead
INFO: Detected non-HTTP/2 connection.
 {"metadata":{"emulator":{"name":"firestore"},"message":"Sep 18, 2021 4:18:55 PM io.gapi.emulators.netty.HttpVersionRoutingHandler channelRead\nINFO: Detected non-HTTP/2 connection.\n"}}
[debug] [2021-09-18T07:19:19.858Z] Functions emulator received unknown request at path /v0/b/web-book-cra.appspot.com/o
[debug] [2021-09-18T07:20:24.887Z] Functions emulator received unknown request at path /v0/b/web-book-cra.appspot.com/o
[debug] [2021-09-18T07:21:30.856Z] Functions emulator received unknown request at path /v0/b/web-book-cra.appspot.com/o
[debug] [2021-09-18T07:22:36.857Z] Functions emulator received unknown request at path /v0/b/web-book-cra.appspot.com/o
[debug] [2021-09-18T07:23:41.860Z] Functions emulator received unknown request at path /v0/b/web-book-cra.appspot.com/o
[debug] [2021-09-18T07:23:48.214Z] >>> [apiv2][query] POST http://localhost:5001/functions/projects/web-book-cra/trigger_multicast [none]
[debug] [2021-09-18T07:23:48.214Z] >>> [apiv2][body] POST http://localhost:5001/functions/projects/web-book-cra/trigger_multicast "{\"eventId\":\"1631949828213\",\"timestamp\":\"2021-09-18T16:23:48.213Z\",\"eventType\":\"google.storage.object.metadataUpdate\",\"resource\":{\"service\":\"storage.googleapis.com\",\"name\":\"projects/_/buckets/web-book-cra.appspot.com/objects/images/chapters-1-images-1631949828\",\"type\":\"storage#object\"},\"data\":{\"kind\":\"#storage#object\",\"name\":\"images/chapters-1-images-1631949828\",\"bucket\":\"web-book-cra.appspot.com\",\"generation\":\"1631949828210\",\"metageneration\":\"1\",\"contentType\":\"image/*\",\"timeCreated\":\"2021-09-18T16:23:48.209Z\",\"updated\":\"2021-09-18T16:23:48.213Z\",\"storageClass\":\"STANDARD\",\"size\":\"44570\",\"md5Hash\":\"SaLRN3uV8624zA23KGvZuQ==\",\"etag\":\"someETag\",\"crc32c\":\"----RA==\",\"timeStorageClassUpdated\":\"2021-09-18T16:23:48.209Z\",\"id\":\"web-book-cra.appspot.com/images/chapters-1-images-1631949828/1631949828210\",\"selfLink\":\"http://localhost:9199/storage/v1/b/web-book-cra.appspot.com/o/images%2Fchapters-1-images-1631949828\",\"mediaLink\":\"http://localhost:9199/download/storage/v1/b/web-book-cra.appspot.com/o/images%2Fchapters-1-images-1631949828?generation=1631949828210&alt=media\"}}"
[debug] [2021-09-18T07:23:48.216Z] >>> [apiv2][query] POST http://localhost:5001/functions/projects/web-book-cra/trigger_multicast [none]
[debug] [2021-09-18T07:23:48.216Z] >>> [apiv2][body] POST http://localhost:5001/functions/projects/web-book-cra/trigger_multicast "{\"eventId\":\"1631949828215\",\"timestamp\":\"2021-09-18T16:23:48.215Z\",\"eventType\":\"google.storage.object.finalize\",\"resource\":{\"service\":\"storage.googleapis.com\",\"name\":\"projects/_/buckets/web-book-cra.appspot.com/objects/images/chapters-1-images-1631949828\",\"type\":\"storage#object\"},\"data\":{\"kind\":\"#storage#object\",\"name\":\"images/chapters-1-images-1631949828\",\"bucket\":\"web-book-cra.appspot.com\",\"generation\":\"1631949828210\",\"metageneration\":\"1\",\"contentType\":\"image/*\",\"timeCreated\":\"2021-09-18T16:23:48.209Z\",\"updated\":\"2021-09-18T16:23:48.213Z\",\"storageClass\":\"STANDARD\",\"size\":\"44570\",\"md5Hash\":\"SaLRN3uV8624zA23KGvZuQ==\",\"etag\":\"someETag\",\"crc32c\":\"----RA==\",\"timeStorageClassUpdated\":\"2021-09-18T16:23:48.209Z\",\"id\":\"web-book-cra.appspot.com/images/chapters-1-images-1631949828/1631949828210\",\"selfLink\":\"http://localhost:9199/storage/v1/b/web-book-cra.appspot.com/o/images%2Fchapters-1-images-1631949828\",\"mediaLink\":\"http://localhost:9199/download/storage/v1/b/web-book-cra.appspot.com/o/images%2Fchapters-1-images-1631949828?generation=1631949828210&alt=media\"}}"
[debug] [2021-09-18T07:23:48.226Z] <<< [apiv2][status] POST http://localhost:5001/functions/projects/web-book-cra/trigger_multicast 200
[debug] [2021-09-18T07:23:48.226Z] <<< [apiv2][body] POST http://localhost:5001/functions/projects/web-book-cra/trigger_multicast {"status":"multicast_acknowledged"}
[debug] [2021-09-18T07:23:48.227Z] <<< [apiv2][status] POST http://localhost:5001/functions/projects/web-book-cra/trigger_multicast 200
[debug] [2021-09-18T07:23:48.227Z] <<< [apiv2][body] POST http://localhost:5001/functions/projects/web-book-cra/trigger_multicast {"status":"multicast_acknowledged"}
